<?xml version="1.0" encoding="UTF-8"?>
<!-- Generated by org.testng.reporters.JUnitReportReporter -->
<testsuite hostname="LAPTOP-L6Q6RRFR" failures="0" tests="1" name="com.db.testLayer.LoginPageTest" time="50.936" errors="0" timestamp="2023-01-31T08:34:24 IST" skipped="0">
  <testcase classname="com.db.testLayer.LoginPageTest" name="VerifyLogin" time="50.936"/>
  <system-out/>
</testsuite> <!-- com.db.testLayer.LoginPageTest -->
